# JRE version: OpenJDK Runtime Environment Temurin-17.0.7+7 (17.0.7+7) (build 17.0.7+7)
# Java VM: OpenJDK 64-Bit Server VM Temurin-17.0.7+7 (17.0.7+7, mixed mode, tiered, compressed oops, compressed class ptrs, parallel gc, windows-amd64)
GC Precious Log:
 CPUs: 4 total, 4 available
 Memory: 16269M
 Large Page Support: Disabled
 NUMA Support: Disabled
 Compressed Oops: Enabled (32-bit)
 Alignments: Space 512K, Generation 512K, Heap 2M
 Heap Min Capacity: 100M
 Heap Initial Capacity: 100M
 Heap Max Capacity: 1G
 Pre-touch: Disabled
 Parallel Workers: 4
Heap:
 PSYoungGen      total 7680K, used 6654K [0x00000000eab00000, 0x00000000ebd00000, 0x0000000100000000)
  eden space 5120K, 100% used [0x00000000eab00000,0x00000000eb000000,0x00000000eb000000)
  from space 2560K, 59% used [0x00000000eb000000,0x00000000eb17f9f8,0x00000000eb280000)
  to   space 6144K, 55% used [0x00000000eb700000,0x00000000eba56de0,0x00000000ebd00000)
 ParOldGen       total 151040K, used 117810K [0x00000000c0000000, 0x00000000c9380000, 0x00000000eab00000)
  object space 151040K, 77% used [0x00000000c0000000,0x00000000c730cbe8,0x00000000c9380000)
 Metaspace       used 68544K, committed 69760K, reserved 1114112K
  class space    used 7244K, committed 7744K, reserved 1048576K
GC Heap History (20 events):
Event: 29.047 GC heap after
{Heap after GC invocations=108 (full 6):
 PSYoungGen      total 6656K, used 1824K [0x00000000eab00000, 0x00000000eb580000, 0x0000000100000000)
  eden space 4608K, 0% used [0x00000000eab00000,0x00000000eab00000,0x00000000eaf80000)
  from space 2048K, 89% used [0x00000000eaf80000,0x00000000eb148000,0x00000000eb180000)
  to   space 2560K, 0% used [0x00000000eb300000,0x00000000eb300000,0x00000000eb580000)
 ParOldGen       total 116736K, used 100636K [0x00000000c0000000, 0x00000000c7200000, 0x00000000eab00000)
  object space 116736K, 86% used [0x00000000c0000000,0x00000000c6247040,0x00000000c7200000)
 Metaspace       used 68544K, committed 69760K, reserved 1114112K
  class space    used 7244K, committed 7744K, reserved 1048576K
}
Event: 29.060 GC heap before
{Heap before GC invocations=109 (full 6):
 PSYoungGen      total 6656K, used 6432K [0x00000000eab00000, 0x00000000eb580000, 0x0000000100000000)
  eden space 4608K, 100% used [0x00000000eab00000,0x00000000eaf80000,0x00000000eaf80000)
  from space 2048K, 89% used [0x00000000eaf80000,0x00000000eb148000,0x00000000eb180000)
  to   space 2560K, 0% used [0x00000000eb300000,0x00000000eb300000,0x00000000eb580000)
 ParOldGen       total 116736K, used 100636K [0x00000000c0000000, 0x00000000c7200000, 0x00000000eab00000)
  object space 116736K, 86% used [0x00000000c0000000,0x00000000c6247040,0x00000000c7200000)
 Metaspace       used 68544K, committed 69760K, reserved 1114112K
  class space    used 7244K, committed 7744K, reserved 1048576K
}
Event: 29.064 GC heap after
{Heap after GC invocations=109 (full 6):
 PSYoungGen      total 5632K, used 2542K [0x00000000eab00000, 0x00000000eba80000, 0x0000000100000000)
  eden space 3072K, 0% used [0x00000000eab00000,0x00000000eab00000,0x00000000eae00000)
  from space 2560K, 99% used [0x00000000eb300000,0x00000000eb57b830,0x00000000eb580000)
  to   space 5120K, 0% used [0x00000000eae00000,0x00000000eae00000,0x00000000eb300000)
 ParOldGen       total 116736K, used 102684K [0x00000000c0000000, 0x00000000c7200000, 0x00000000eab00000)
  object space 116736K, 87% used [0x00000000c0000000,0x00000000c6447040,0x00000000c7200000)
 Metaspace       used 68544K, committed 69760K, reserved 1114112K
  class space    used 7244K, committed 7744K, reserved 1048576K
}
Event: 29.111 GC heap before
{Heap before GC invocations=110 (full 6):
 PSYoungGen      total 5632K, used 5614K [0x00000000eab00000, 0x00000000eba80000, 0x0000000100000000)
  eden space 3072K, 100% used [0x00000000eab00000,0x00000000eae00000,0x00000000eae00000)
  from space 2560K, 99% used [0x00000000eb300000,0x00000000eb57b830,0x00000000eb580000)
  to   space 5120K, 0% used [0x00000000eae00000,0x00000000eae00000,0x00000000eb300000)
 ParOldGen       total 116736K, used 102684K [0x00000000c0000000, 0x00000000c7200000, 0x00000000eab00000)
  object space 116736K, 87% used [0x00000000c0000000,0x00000000c6447040,0x00000000c7200000)
 Metaspace       used 68544K, committed 69760K, reserved 1114112K
  class space    used 7244K, committed 7744K, reserved 1048576K
}
Event: 29.114 GC heap after
{Heap after GC invocations=110 (full 6):
 PSYoungGen      total 5120K, used 1595K [0x00000000eab00000, 0x00000000eb400000, 0x0000000100000000)
  eden space 3072K, 0% used [0x00000000eab00000,0x00000000eab00000,0x00000000eae00000)
  from space 2048K, 77% used [0x00000000eae00000,0x00000000eaf8ede0,0x00000000eb000000)
  to   space 3072K, 0% used [0x00000000eb100000,0x00000000eb100000,0x00000000eb400000)
 ParOldGen       total 116736K, used 105060K [0x00000000c0000000, 0x00000000c7200000, 0x00000000eab00000)
  object space 116736K, 89% used [0x00000000c0000000,0x00000000c6699040,0x00000000c7200000)
 Metaspace       used 68544K, committed 69760K, reserved 1114112K
  class space    used 7244K, committed 7744K, reserved 1048576K
}
Event: 29.122 GC heap before
{Heap before GC invocations=111 (full 6):
 PSYoungGen      total 5120K, used 4667K [0x00000000eab00000, 0x00000000eb400000, 0x0000000100000000)
  eden space 3072K, 100% used [0x00000000eab00000,0x00000000eae00000,0x00000000eae00000)
  from space 2048K, 77% used [0x00000000eae00000,0x00000000eaf8ede0,0x00000000eb000000)
  to   space 3072K, 0% used [0x00000000eb100000,0x00000000eb100000,0x00000000eb400000)
 ParOldGen       total 116736K, used 105060K [0x00000000c0000000, 0x00000000c7200000, 0x00000000eab00000)
  object space 116736K, 89% used [0x00000000c0000000,0x00000000c6699040,0x00000000c7200000)
 Metaspace       used 68544K, committed 69760K, reserved 1114112K
  class space    used 7244K, committed 7744K, reserved 1048576K
}
Event: 29.123 GC heap after
{Heap after GC invocations=111 (full 6):
 PSYoungGen      total 6144K, used 1312K [0x00000000eab00000, 0x00000000eb300000, 0x0000000100000000)
  eden space 4096K, 0% used [0x00000000eab00000,0x00000000eab00000,0x00000000eaf00000)
  from space 2048K, 64% used [0x00000000eb100000,0x00000000eb248000,0x00000000eb300000)
  to   space 2048K, 0% used [0x00000000eaf00000,0x00000000eaf00000,0x00000000eb100000)
 ParOldGen       total 116736K, used 106364K [0x00000000c0000000, 0x00000000c7200000, 0x00000000eab00000)
  object space 116736K, 91% used [0x00000000c0000000,0x00000000c67df040,0x00000000c7200000)
 Metaspace       used 68544K, committed 69760K, reserved 1114112K
  class space    used 7244K, committed 7744K, reserved 1048576K
}
Event: 29.132 GC heap before
{Heap before GC invocations=112 (full 6):
 PSYoungGen      total 6144K, used 5408K [0x00000000eab00000, 0x00000000eb300000, 0x0000000100000000)
  eden space 4096K, 100% used [0x00000000eab00000,0x00000000eaf00000,0x00000000eaf00000)
  from space 2048K, 64% used [0x00000000eb100000,0x00000000eb248000,0x00000000eb300000)
  to   space 2048K, 0% used [0x00000000eaf00000,0x00000000eaf00000,0x00000000eb100000)
 ParOldGen       total 116736K, used 106364K [0x00000000c0000000, 0x00000000c7200000, 0x00000000eab00000)
  object space 116736K, 91% used [0x00000000c0000000,0x00000000c67df040,0x00000000c7200000)
 Metaspace       used 68544K, committed 69760K, reserved 1114112K
  class space    used 7244K, committed 7744K, reserved 1048576K
}
Event: 29.135 GC heap after
{Heap after GC invocations=112 (full 6):
 PSYoungGen      total 6144K, used 2011K [0x00000000eab00000, 0x00000000eb500000, 0x0000000100000000)
  eden space 4096K, 0% used [0x00000000eab00000,0x00000000eab00000,0x00000000eaf00000)
  from space 2048K, 98% used [0x00000000eaf00000,0x00000000eb0f6de0,0x00000000eb100000)
  to   space 2560K, 0% used [0x00000000eb280000,0x00000000eb280000,0x00000000eb500000)
 ParOldGen       total 116736K, used 107668K [0x00000000c0000000, 0x00000000c7200000, 0x00000000eab00000)
  object space 116736K, 92% used [0x00000000c0000000,0x00000000c6925040,0x00000000c7200000)
 Metaspace       used 68544K, committed 69760K, reserved 1114112K
  class space    used 7244K, committed 7744K, reserved 1048576K
}
Event: 29.147 GC heap before
{Heap before GC invocations=113 (full 6):
 PSYoungGen      total 6144K, used 6107K [0x00000000eab00000, 0x00000000eb500000, 0x0000000100000000)
  eden space 4096K, 100% used [0x00000000eab00000,0x00000000eaf00000,0x00000000eaf00000)
  from space 2048K, 98% used [0x00000000eaf00000,0x00000000eb0f6de0,0x00000000eb100000)
  to   space 2560K, 0% used [0x00000000eb280000,0x00000000eb280000,0x00000000eb500000)
 ParOldGen       total 116736K, used 107668K [0x00000000c0000000, 0x00000000c7200000, 0x00000000eab00000)
  object space 116736K, 92% used [0x00000000c0000000,0x00000000c6925040,0x00000000c7200000)
 Metaspace       used 68544K, committed 69760K, reserved 1114112K
  class space    used 7244K, committed 7744K, reserved 1048576K
}
Event: 29.151 GC heap after
{Heap after GC invocations=113 (full 6):
 PSYoungGen      total 7168K, used 2528K [0x00000000eab00000, 0x00000000eb600000, 0x0000000100000000)
  eden space 4608K, 0% used [0x00000000eab00000,0x00000000eab00000,0x00000000eaf80000)
  from space 2560K, 98% used [0x00000000eb280000,0x00000000eb4f8000,0x00000000eb500000)
  to   space 3072K, 0% used [0x00000000eaf80000,0x00000000eaf80000,0x00000000eb280000)
 ParOldGen       total 116736K, used 109460K [0x00000000c0000000, 0x00000000c7200000, 0x00000000eab00000)
  object space 116736K, 93% used [0x00000000c0000000,0x00000000c6ae5040,0x00000000c7200000)
 Metaspace       used 68544K, committed 69760K, reserved 1114112K
  class space    used 7244K, committed 7744K, reserved 1048576K
}
Event: 29.166 GC heap before
{Heap before GC invocations=114 (full 6):
 PSYoungGen      total 7168K, used 6991K [0x00000000eab00000, 0x00000000eb600000, 0x0000000100000000)
  eden space 4608K, 96% used [0x00000000eab00000,0x00000000eaf5bc70,0x00000000eaf80000)
  from space 2560K, 98% used [0x00000000eb280000,0x00000000eb4f8000,0x00000000eb500000)
  to   space 3072K, 0% used [0x00000000eaf80000,0x00000000eaf80000,0x00000000eb280000)
 ParOldGen       total 116736K, used 109460K [0x00000000c0000000, 0x00000000c7200000, 0x00000000eab00000)
  object space 116736K, 93% used [0x00000000c0000000,0x00000000c6ae5040,0x00000000c7200000)
 Metaspace       used 68544K, committed 69760K, reserved 1114112K
  class space    used 7244K, committed 7744K, reserved 1048576K
}
Event: 29.169 GC heap after
{Heap after GC invocations=114 (full 6):
 PSYoungGen      total 7680K, used 1376K [0x00000000eab00000, 0x00000000eb480000, 0x0000000100000000)
  eden space 4608K, 0% used [0x00000000eab00000,0x00000000eab00000,0x00000000eaf80000)
  from space 3072K, 44% used [0x00000000eaf80000,0x00000000eb0d8000,0x00000000eb280000)
  to   space 2048K, 0% used [0x00000000eb280000,0x00000000eb280000,0x00000000eb480000)
 ParOldGen       total 116736K, used 111956K [0x00000000c0000000, 0x00000000c7200000, 0x00000000eab00000)
  object space 116736K, 95% used [0x00000000c0000000,0x00000000c6d55040,0x00000000c7200000)
 Metaspace       used 68544K, committed 69760K, reserved 1114112K
  class space    used 7244K, committed 7744K, reserved 1048576K
}
Event: 29.177 GC heap before
{Heap before GC invocations=115 (full 6):
 PSYoungGen      total 7680K, used 5984K [0x00000000eab00000, 0x00000000eb480000, 0x0000000100000000)
  eden space 4608K, 100% used [0x00000000eab00000,0x00000000eaf80000,0x00000000eaf80000)
  from space 3072K, 44% used [0x00000000eaf80000,0x00000000eb0d8000,0x00000000eb280000)
  to   space 2048K, 0% used [0x00000000eb280000,0x00000000eb280000,0x00000000eb480000)
 ParOldGen       total 116736K, used 111956K [0x00000000c0000000, 0x00000000c7200000, 0x00000000eab00000)
  object space 116736K, 95% used [0x00000000c0000000,0x00000000c6d55040,0x00000000c7200000)
 Metaspace       used 68544K, committed 69760K, reserved 1114112K
  class space    used 7244K, committed 7744K, reserved 1048576K
}
Event: 29.179 GC heap after
{Heap after GC invocations=115 (full 6):
 PSYoungGen      total 7168K, used 2011K [0x00000000eab00000, 0x00000000eb580000, 0x0000000100000000)
  eden space 5120K, 0% used [0x00000000eab00000,0x00000000eab00000,0x00000000eb000000)
  from space 2048K, 98% used [0x00000000eb280000,0x00000000eb476de0,0x00000000eb480000)
  to   space 2560K, 0% used [0x00000000eb000000,0x00000000eb000000,0x00000000eb280000)
 ParOldGen       total 116736K, used 113252K [0x00000000c0000000, 0x00000000c7200000, 0x00000000eab00000)
  object space 116736K, 97% used [0x00000000c0000000,0x00000000c6e99040,0x00000000c7200000)
 Metaspace       used 68544K, committed 69760K, reserved 1114112K
  class space    used 7244K, committed 7744K, reserved 1048576K
}
Event: 29.202 GC heap before
{Heap before GC invocations=116 (full 6):
 PSYoungGen      total 7168K, used 7131K [0x00000000eab00000, 0x00000000eb580000, 0x0000000100000000)
  eden space 5120K, 100% used [0x00000000eab00000,0x00000000eb000000,0x00000000eb000000)
  from space 2048K, 98% used [0x00000000eb280000,0x00000000eb476de0,0x00000000eb480000)
  to   space 2560K, 0% used [0x00000000eb000000,0x00000000eb000000,0x00000000eb280000)
 ParOldGen       total 116736K, used 113252K [0x00000000c0000000, 0x00000000c7200000, 0x00000000eab00000)
  object space 116736K, 97% used [0x00000000c0000000,0x00000000c6e99040,0x00000000c7200000)
 Metaspace       used 68544K, committed 69760K, reserved 1114112K
  class space    used 7244K, committed 7744K, reserved 1048576K
}
Event: 29.205 GC heap after
{Heap after GC invocations=116 (full 6):
 PSYoungGen      total 7680K, used 2560K [0x00000000eab00000, 0x00000000ebd00000, 0x0000000100000000)
  eden space 5120K, 0% used [0x00000000eab00000,0x00000000eab00000,0x00000000eb000000)
  from space 2560K, 100% used [0x00000000eb000000,0x00000000eb280000,0x00000000eb280000)
  to   space 6144K, 0% used [0x00000000eb700000,0x00000000eb700000,0x00000000ebd00000)
 ParOldGen       total 116736K, used 116028K [0x00000000c0000000, 0x00000000c7200000, 0x00000000eab00000)
  object space 116736K, 99% used [0x00000000c0000000,0x00000000c714f040,0x00000000c7200000)
 Metaspace       used 68544K, committed 69760K, reserved 1114112K
  class space    used 7244K, committed 7744K, reserved 1048576K
}
Event: 29.205 GC heap before
{Heap before GC invocations=117 (full 7):
 PSYoungGen      total 7680K, used 2560K [0x00000000eab00000, 0x00000000ebd00000, 0x0000000100000000)
  eden space 5120K, 0% used [0x00000000eab00000,0x00000000eab00000,0x00000000eb000000)
  from space 2560K, 100% used [0x00000000eb000000,0x00000000eb280000,0x00000000eb280000)
  to   space 6144K, 0% used [0x00000000eb700000,0x00000000eb700000,0x00000000ebd00000)
 ParOldGen       total 116736K, used 116028K [0x00000000c0000000, 0x00000000c7200000, 0x00000000eab00000)
  object space 116736K, 99% used [0x00000000c0000000,0x00000000c714f040,0x00000000c7200000)
 Metaspace       used 68544K, committed 69760K, reserved 1114112K
  class space    used 7244K, committed 7744K, reserved 1048576K
}
Event: 29.363 GC heap after
{Heap after GC invocations=117 (full 7):
 PSYoungGen      total 7680K, used 1534K [0x00000000eab00000, 0x00000000ebd00000, 0x0000000100000000)
  eden space 5120K, 0% used [0x00000000eab00000,0x00000000eab00000,0x00000000eb000000)
  from space 2560K, 59% used [0x00000000eb000000,0x00000000eb17f9f8,0x00000000eb280000)
  to   space 6144K, 0% used [0x00000000eb700000,0x00000000eb700000,0x00000000ebd00000)
 ParOldGen       total 151040K, used 116274K [0x00000000c0000000, 0x00000000c9380000, 0x00000000eab00000)
  object space 151040K, 76% used [0x00000000c0000000,0x00000000c718cbe8,0x00000000c9380000)
 Metaspace       used 68544K, committed 69760K, reserved 1114112K
  class space    used 7244K, committed 7744K, reserved 1048576K
}
Event: 29.383 GC heap before
{Heap before GC invocations=118 (full 7):
 PSYoungGen      total 7680K, used 6654K [0x00000000eab00000, 0x00000000ebd00000, 0x0000000100000000)
  eden space 5120K, 100% used [0x00000000eab00000,0x00000000eb000000,0x00000000eb000000)
  from space 2560K, 59% used [0x00000000eb000000,0x00000000eb17f9f8,0x00000000eb280000)
  to   space 6144K, 0% used [0x00000000eb700000,0x00000000eb700000,0x00000000ebd00000)
 ParOldGen       total 151040K, used 116274K [0x00000000c0000000, 0x00000000c9380000, 0x00000000eab00000)
  object space 151040K, 76% used [0x00000000c0000000,0x00000000c718cbe8,0x00000000c9380000)
 Metaspace       used 68544K, committed 69760K, reserved 1114112K
  class space    used 7244K, committed 7744K, reserved 1048576K
}

